#
# A fatal error has been detected by the Java Runtime Environment:
#
#  EXCEPTION_ACCESS_VIOLATION (0xc0000005) at pc=0x0000019dc08b17d0, pid=17176, tid=14572
#
# JRE version: Java(TM) SE Runtime Environment (20.0.2+9) (build 20.0.2+9-78)
# Java VM: Java HotSpot(TM) 64-Bit Server VM (20.0.2+9-78, mixed mode, sharing, tiered, compressed oops, compressed class ptrs, g1 gc, windows-amd64)
# Problematic frame:
# v  ~BufferBlob::MethodHandles adapters 0x0000019dc08b17d0
#
# No core dump will be written. Minidumps are not enabled by default on client versions of Windows
#
# If you would like to submit a bug report, please visit:
#   https://bugreport.java.com/bugreport/crash.jsp
#

---------------  S U M M A R Y ------------

Command Line: -XX:+ShowCodeDetailsInExceptionMessages -agentlib:jdwp=transport=dt_socket,suspend=y,address=localhost:52783 -javaagent:C:\Users\TangYunKun\eclipse\jee-2023-06\eclipse\configuration\org.eclipse.osgi\430\0\.cp\lib\javaagent-shaded.jar -Dfile.encoding=UTF-8 com.demo.Application

Host: 11th Gen Intel(R) Core(TM) i7-11370H @ 3.30GHz, 8 cores, 15G,  Windows 10 , 64 bit Build 19041 (10.0.19041.3636)
Time: Thu Apr 25 16:10:17 2024  Windows 10 , 64 bit Build 19041 (10.0.19041.3636) elapsed time: 537.211126 seconds (0d 0h 8m 57s)

---------------  T H R E A D  ---------------

Current thread (0x0000019dd07a3ff0):  JavaThread "restartedMain" [_thread_in_Java, id=14572, stack(0x0000008e24400000,0x0000008e24500000)]

Stack: [0x0000008e24400000,0x0000008e24500000],  sp=0x0000008e244fdcf8,  free space=1015k
Native frames: (J=compiled Java code, j=interpreted, Vv=VM code, C=native code)
C  0x0000019dc08b17d0


siginfo: EXCEPTION_ACCESS_VIOLATION (0xc0000005), reading address 0xffffffffffffffff


Registers:
RAX=0x0000019dc087e7de, RBX=0xe0bde39900000000, RCX=0x0000008e244fdd00, RDX=0x0000000000000002
RSP=0x0000008e244fdcf8, RBP=0x0000008e244fdd48, RSI=0x0000019e159f3d68, RDI=0x0000019e194926a0
R8 =0x0000000000000004, R9 =0x0000000000000004, R10=0x0000019dd0800000, R11=0x0000019dd08b8e90
R12=0x0000000000000000, R13=0x0000008e244fdcf8, R14=0x0000008e244fdd68, R15=0x0000019dd07a3ff0
RIP=0x0000019dc08b17d0, EFLAGS=0x0000000000010202


Register to memory mapping:

RIP=0x0000019dc08b17d0 is at begin+68 in a stub
MethodHandle::interpreter_entry::_linkToSpecial [0x0000019dc08b178c, 0x0000019dc08b17db] (79 bytes)
RAX=0x0000019dc087e7de is at code_begin+3294 in an Interpreter codelet
return entry points  [0x0000019dc087db00, 0x0000019dc087fb38]  8248 bytes
RBX=0xe0bde39900000000 is an unknown value
RCX=0x0000008e244fdd00 is pointing into the stack for thread: 0x0000019dd07a3ff0
RDX=0x0000000000000002 is an unknown value
RSP=0x0000008e244fdcf8 is pointing into the stack for thread: 0x0000019dd07a3ff0
RBP=0x0000008e244fdd48 is pointing into the stack for thread: 0x0000019dd07a3ff0
RSI=0x0000019e159f3d68 points into unknown readable memory: 0x0000000000000000 | 00 00 00 00 00 00 00 00
RDI=0x0000019e194926a0 points into unknown readable memory: 0x0000001800000070 | 70 00 00 00 18 00 00 00
R8 =0x0000000000000004 is an unknown value
R9 =0x0000000000000004 is an unknown value
R10=0x0000019dd0800000 is pointing into metadata
R11={method} {0x0000019dd08b8e98} 'newInvokeSpecial' '(Ljava/lang/Object;)Ljava/lang/Object;' in 'java/lang/invoke/DirectMethodHandle$Holder'
R12=0x0 is NULL
R13=0x0000008e244fdcf8 is pointing into the stack for thread: 0x0000019dd07a3ff0
R14=0x0000008e244fdd68 is pointing into the stack for thread: 0x0000019dd07a3ff0
R15=0x0000019dd07a3ff0 is a thread


Top of Stack: (sp=0x0000008e244fdcf8)
0x0000008e244fdcf8:   0000019dc087e7de 0000008e244fdd00
0x0000008e244fdd08:   0000019dd0f245b7 0000008e244fdd68
0x0000008e244fdd18:   0000019dd08b4350 0000019e120737c8
0x0000008e244fdd28:   000000070393eab8 0000019dd08b8e90
0x0000008e244fdd38:   0000008e244fdcf8 0000008e244fdd70
0x0000008e244fdd48:   0000008e244fe0d0 0000019db963dcfd
0x0000008e244fdd58:   0000000705ef1bd0 0000000705ef1c78
0x0000008e244fdd68:   0000000705ef1c30 0000000000000000
0x0000008e244fdd78:   0000000000000000 0000008e244fe0d0
0x0000008e244fdd88:   0000019db9a4cb9c 0000000000000000
0x0000008e244fdd98:   0000000000000000 0000000000000000
0x0000008e244fdda8:   0000000000000000 0000000000000000
0x0000008e244fddb8:   0000000000000000 0000000000000000
0x0000008e244fddc8:   0000000000000001 000000070c660e58
0x0000008e244fddd8:   0000000000000000 00000007040f2450
0x0000008e244fdde8:   000000070392a3c0 000000070c660e58
0x0000008e244fddf8:   0000000706776110 0000000706776110
0x0000008e244fde08:   00007ffacdb9b86b 0000000705ef1c60
0x0000008e244fde18:   0000000705ef1a38 0000000000000000
0x0000008e244fde28:   0000000705ef1c60 0000008e244fe0d0
0x0000008e244fde38:   0000019db9beac02 0000000706776110
0x0000008e244fde48:   0000000000000000 0000000705ef1c30
0x0000008e244fde58:   0000000000000000 0000000000000000
0x0000008e244fde68:   0000000000000000 0000000000000000
0x0000008e244fde78:   0000019daf0c0c00 0000019dd07a3ff0
0x0000008e244fde88:   0000000000000000 0000000705ef19d0
0x0000008e244fde98:   0000000000000000 0000000706776110
0x0000008e244fdea8:   0000000705ef1c60 0000000000000080
0x0000008e244fdeb8:   0000000000000000 0000019dd07a3f00
0x0000008e244fdec8:   0000019db963cb6c 0000008e244fe0d0
0x0000008e244fded8:   0000019db963ae8c 0000019e12054a48
0x0000008e244fdee8:   0000019dc0e23609 0000008e244fdf70 

Instructions: (pc=0x0000019dc08b17d0)
0x0000019dc08b16d0:   bf 08 05 00 00 00 74 03 ff 63 38 ff 63 50 e9 1d
0x0000019dc08b16e0:   b5 01 00 66 66 66 0f 1f 84 00 00 00 00 00 66 66
0x0000019dc08b16f0:   66 90 66 66 0f 1f 84 00 00 00 00 00 66 66 66 90
0x0000019dc08b1700:   48 8b 53 08 0f b7 52 2c 48 8b 0c d4 58 5b 50 44
0x0000019dc08b1710:   8b 51 08 49 bb 00 00 80 d0 9d 01 00 00 4d 03 d3
0x0000019dc08b1720:   4c 8b 5b 10 4b 8b 9c da c0 01 00 00 48 85 db 0f
0x0000019dc08b1730:   84 10 00 00 00 41 80 bf 08 05 00 00 00 74 03 ff
0x0000019dc08b1740:   63 38 ff 63 50 e9 b6 b4 01 00 66 66 66 0f 1f 84
0x0000019dc08b1750:   00 00 00 00 00 66 66 66 90 0f 1f 80 00 00 00 00
0x0000019dc08b1760:   58 5b 50 8b 5b 24 48 c1 e3 03 48 8b 5b 10 48 85
0x0000019dc08b1770:   db 0f 84 10 00 00 00 41 80 bf 08 05 00 00 00 74
0x0000019dc08b1780:   03 ff 63 38 ff 63 50 e9 74 b4 01 00 66 66 66 0f
0x0000019dc08b1790:   1f 84 00 00 00 00 00 66 66 66 90 0f 1f 44 00 00
0x0000019dc08b17a0:   48 8b 53 08 0f b7 52 2c 48 8b 0c d4 58 5b 50 48
0x0000019dc08b17b0:   3b 01 8b 5b 24 48 c1 e3 03 48 8b 5b 10 48 85 db
0x0000019dc08b17c0:   0f 84 10 00 00 00 41 80 bf 08 05 00 00 00 74 03
0x0000019dc08b17d0:   ff 63 38 ff 63 50 e9 25 b4 01 00 0f 1f 44 00 00
0x0000019dc08b17e0:   48 8b 53 08 0f b7 52 2c 48 8b 0c d4 58 5b 50 44
0x0000019dc08b17f0:   8b 51 08 49 bb 00 00 80 d0 9d 01 00 00 4d 03 d3
0x0000019dc08b1800:   8b 43 18 48 c1 e0 03 48 8b 40 10 48 8b 5b 10 45
0x0000019dc08b1810:   8b 9a a0 00 00 00 4f 8d 9c da c0 01 00 00 4d 8d
0x0000019dc08b1820:   14 da 49 8b 1b 48 3b c3 74 15 48 85 db 0f 84 32
0x0000019dc08b1830:   00 00 00 49 83 c3 10 49 8b 1b 48 3b c3 75 eb 45
0x0000019dc08b1840:   8b 5b 08 4b 8b 1c 1a 48 85 db 0f 84 10 00 00 00
0x0000019dc08b1850:   41 80 bf 08 05 00 00 00 74 03 ff 63 38 ff 63 50
0x0000019dc08b1860:   e9 9b b3 01 00 e9 16 12 00 00 f4 00 00 00 00 00
0x0000019dc08b1870:   00 00 00 00 00 00 00 00 00 00 00 00 00 00 00 00
0x0000019dc08b1880:   00 00 00 00 00 00 00 00 00 00 00 00 00 00 00 00
0x0000019dc08b1890:   00 00 00 00 00 00 00 00 00 00 00 00 00 00 00 00
0x0000019dc08b18a0:   00 00 00 00 00 00 00 00 00 00 00 00 00 00 00 00
0x0000019dc08b18b0:   00 00 00 00 00 00 00 00 00 00 00 00 00 00 00 00
0x0000019dc08b18c0:   00 00 00 00 00 00 00 00 00 00 00 00 00 00 00 00 


Stack slot to memory mapping:
stack at sp + 0 slots: 0x0000019dc087e7de is at code_begin+3294 in an Interpreter codelet
return entry points  [0x0000019dc087db00, 0x0000019dc087fb38]  8248 bytes
stack at sp + 1 slots: 0x0000008e244fdd00 is pointing into the stack for thread: 0x0000019dd07a3ff0
stack at sp + 2 slots: 0x0000019dd0f245b7 is pointing into metadata
stack at sp + 3 slots: 0x0000008e244fdd68 is pointing into the stack for thread: 0x0000019dd07a3ff0
stack at sp + 4 slots: 0x0000019dd08b4350 is pointing into metadata
stack at sp + 5 slots: 0x0000019e120737c8 is pointing into metadata
stack at sp + 6 slots: 0x000000070393eab8 is an oop: java.lang.Class 
{0x000000070393eab8} - klass: 'java/lang/Class'
 - ---- fields (total size 14 words):
 - private volatile transient 'classRedefinedCount' 'I' @12  0 (0x00000000)
 - abstract internal 'klass' 'J' @16  1777320279848 (0x0000019dd08b3f28)
 - abstract internal 'array_klass' 'J' @24  0 (0x0000000000000000)
 - abstract internal 'oop_size' 'I' @32  14 (0x0000000e)
 - abstract internal 'static_oop_field_count' 'I' @36  0 (0x00000000)
 - private volatile transient 'cachedConstructor' 'Ljava/lang/reflect/Constructor;' @40  NULL (0x00000000)
 - private transient 'name' 'Ljava/lang/String;' @44  NULL (0x00000000)
 - private transient 'module' 'Ljava/lang/Module;' @48  a 'java/lang/Module'{0x0000000703932b90} (0xe0726572)
 - private final 'classLoader' 'Ljava/lang/ClassLoader;' @52  NULL (0x00000000)
 - private transient 'classData' 'Ljava/lang/Object;' @56  NULL (0x00000000)
 - private transient 'packageName' 'Ljava/lang/String;' @60  NULL (0x00000000)
 - private final 'componentType' 'Ljava/lang/Class;' @64  NULL (0x00000000)
 - private volatile transient 'reflectionData' 'Ljava/lang/ref/SoftReference;' @68  NULL (0x00000000)
 - private volatile transient 'genericInfo' 'Lsun/reflect/generics/repository/ClassRepository;' @72  NULL (0x00000000)
 - private volatile transient 'enumConstants' '[Ljava/lang/Object;' @76  NULL (0x00000000)
 - private volatile transient 'enumConstantDirectory' 'Ljava/util/Map;' @80  NULL (0x00000000)
 - private volatile transient 'annotationData' 'Ljava/lang/Class$AnnotationData;' @84  NULL (0x00000000)
 - private volatile transient 'annotationType' 'Lsun/reflect/annotation/AnnotationType;' @88  NULL (0x00000000)
 - transient 'classValueMap' 'Ljava/lang/ClassValue$ClassValueMap;' @92  NULL (0x00000000)
 - abstract internal 'protection_domain' 'Ljava/lang/Object;' @96  NULL (0x00000000)
 - abstract internal 'signers_name' 'Ljava/lang/Object;' @100  NULL (0x00000000)
 - abstract internal 'source_file' 'Ljava/lang/Object;' @104  NULL (0x00000000)
 - signature: Ljava/lang/invoke/DirectMethodHandle$Holder;
 - ---- static fields (0):
stack at sp + 7 slots: {method} {0x0000019dd08b8e98} 'newInvokeSpecial' '(Ljava/lang/Object;)Ljava/lang/Object;' in 'java/lang/invoke/DirectMethodHandle$Holder'

MethodHandle::interpreter_entry::_linkToSpecial [0x0000019dc08b178c, 0x0000019dc08b17db] (79 bytes)
[MachCode]
  0x0000019dc08b178c: 6666 660f | 1f84 0000 | 0000 0066 | 6666 900f | 1f44 0000 | 488b 5308 | 0fb7 522c | 488b 0cd4 
  0x0000019dc08b17ac: 585b 5048 | 3b01 8b5b | 2448 c1e3 | 0348 8b5b | 1048 85db | 0f84 1000 | 0000 4180 | bf08 0500 
  0x0000019dc08b17cc: 0000 7403 | ff63 38ff | 6350 e925 | 
[/MachCode]

---------------  P R O C E S S  ---------------

Threads class SMR info:
_java_thread_list=0x0000019e1b02e7f0, length=23, elements={
0x0000019dd07966c0, 0x0000019dd07975b0, 0x0000019dd0799470, 0x0000019dd079beb0,
0x0000019dd079c8e0, 0x0000019dd07a6fc0, 0x0000019dd07a0880, 0x0000019dd07a0e10,
0x0000019dd07a6a70, 0x0000019e159f6360, 0x0000019e15a2bdd0, 0x0000019e15a2c330,
0x0000019dd07a6520, 0x0000019e1c2a0b50, 0x0000019e1c29b650, 0x0000019e1c2a10a0,
0x0000019e1c29a660, 0x0000019dd07a7510, 0x0000019dd07a3ff0, 0x0000019e189db200,
0x0000019dd07a4fe0, 0x0000019dd07a5530, 0x0000019dd07a5a80
}

Java Threads: ( => current thread )
  0x0000019dd07966c0 JavaThread "Reference Handler" daemon [_thread_blocked, id=2996, stack(0x0000008e23800000,0x0000008e23900000)]
  0x0000019dd07975b0 JavaThread "Finalizer" daemon [_thread_blocked, id=6384, stack(0x0000008e23900000,0x0000008e23a00000)]
  0x0000019dd0799470 JavaThread "Signal Dispatcher" daemon [_thread_blocked, id=5416, stack(0x0000008e23a00000,0x0000008e23b00000)]
  0x0000019dd079beb0 JavaThread "Attach Listener" daemon [_thread_blocked, id=15544, stack(0x0000008e23b00000,0x0000008e23c00000)]
  0x0000019dd079c8e0 JavaThread "Service Thread" daemon [_thread_blocked, id=3160, stack(0x0000008e23c00000,0x0000008e23d00000)]
  0x0000019dd07a6fc0 JavaThread "Monitor Deflation Thread" daemon [_thread_blocked, id=5544, stack(0x0000008e23d00000,0x0000008e23e00000)]
  0x0000019dd07a0880 JavaThread "C2 CompilerThread0" daemon [_thread_blocked, id=6312, stack(0x0000008e23e00000,0x0000008e23f00000)]
  0x0000019dd07a0e10 JavaThread "C1 CompilerThread0" daemon [_thread_blocked, id=11484, stack(0x0000008e23f00000,0x0000008e24000000)]
  0x0000019dd07a6a70 JavaThread "Common-Cleaner" daemon [_thread_blocked, id=6332, stack(0x0000008e24000000,0x0000008e24100000)]
  0x0000019e159f6360 JavaThread "JDWP Transport Listener: dt_socket" daemon [_thread_blocked, id=17652, stack(0x0000008e24100000,0x0000008e24200000)]
  0x0000019e15a2bdd0 JavaThread "JDWP Event Helper Thread" daemon [_thread_blocked, id=8128, stack(0x0000008e24200000,0x0000008e24300000)]
  0x0000019e15a2c330 JavaThread "JDWP Command Reader" daemon [_thread_blocked, id=2832, stack(0x0000008e24300000,0x0000008e24400000)]
  0x0000019dd07a6520 JavaThread "Notification Thread" daemon [_thread_blocked, id=15680, stack(0x0000008e24500000,0x0000008e24600000)]
  0x0000019e1c2a0b50 JavaThread "Live Reload Server" daemon [_thread_in_native, id=6224, stack(0x0000008e25700000,0x0000008e25800000)]
  0x0000019e1c29b650 JavaThread "http-nio-8080-exec-2" daemon [_thread_blocked, id=1252, stack(0x0000008e25900000,0x0000008e25a00000)]
  0x0000019e1c2a10a0 JavaThread "DestroyJavaVM" [_thread_blocked, id=13344, stack(0x0000008e23100000,0x0000008e23200000)]
  0x0000019e1c29a660 JavaThread "mysql-cj-abandoned-connection-cleanup" daemon [_thread_blocked, id=13720, stack(0x0000008e23000000,0x0000008e23100000)]
  0x0000019dd07a7510 JavaThread "Thread-8" [_thread_blocked, id=4628, stack(0x0000008e22e00000,0x0000008e22f00000)]
=>0x0000019dd07a3ff0 JavaThread "restartedMain" [_thread_in_Java, id=14572, stack(0x0000008e24400000,0x0000008e24500000)]
  0x0000019e189db200 JavaThread "C2 CompilerThread1" daemon [_thread_blocked, id=15776, stack(0x0000008e24700000,0x0000008e24800000)]
  0x0000019dd07a4fe0 JavaThread "Catalina-utility-1" [_thread_blocked, id=8620, stack(0x0000008e25000000,0x0000008e25100000)]
  0x0000019dd07a5530 JavaThread "Catalina-utility-2" [_thread_blocked, id=14724, stack(0x0000008e25100000,0x0000008e25200000)]
  0x0000019dd07a5a80 JavaThread "container-0" [_thread_blocked, id=12416, stack(0x0000008e25300000,0x0000008e25400000)]

Other Threads:
  0x0000019dd0778030 VMThread "VM Thread" [stack: 0x0000008e23700000,0x0000008e23800000] [id=11368] _threads_hazard_ptr=0x0000019e1b02e7f0
  0x0000019e162f21b0 WatcherThread "VM Periodic Task Thread" [stack: 0x0000008e24600000,0x0000008e24700000] [id=9120]
  0x0000019db12ccba0 WorkerThread "GC Thread#0" [stack: 0x0000008e23200000,0x0000008e23300000] [id=9676]
  0x0000019e1653f110 WorkerThread "GC Thread#1" [stack: 0x0000008e24800000,0x0000008e24900000] [id=10492]
  0x0000019e1653f3e0 WorkerThread "GC Thread#2" [stack: 0x0000008e24900000,0x0000008e24a00000] [id=16524]
  0x0000019e1653f6b0 WorkerThread "GC Thread#3" [stack: 0x0000008e24a00000,0x0000008e24b00000] [id=13248]
  0x0000019e1653f980 WorkerThread "GC Thread#4" [stack: 0x0000008e24b00000,0x0000008e24c00000] [id=8288]
  0x0000019e165799d0 WorkerThread "GC Thread#5" [stack: 0x0000008e24c00000,0x0000008e24d00000] [id=6372]
  0x0000019e1657a870 WorkerThread "GC Thread#6" [stack: 0x0000008e24d00000,0x0000008e24e00000] [id=15632]
  0x0000019e166b7e00 WorkerThread "GC Thread#7" [stack: 0x0000008e24e00000,0x0000008e24f00000] [id=5268]
  0x0000019db12dd740 ConcurrentGCThread "G1 Main Marker" [stack: 0x0000008e23300000,0x0000008e23400000] [id=18044]
  0x0000019db12de170 WorkerThread "G1 Conc#0" [stack: 0x0000008e23400000,0x0000008e23500000] [id=11852]
  0x0000019e166b8940 WorkerThread "G1 Conc#1" [stack: 0x0000008e25200000,0x0000008e25300000] [id=1688]
  0x0000019db131e860 ConcurrentGCThread "G1 Refine#0" [stack: 0x0000008e23500000,0x0000008e23600000] [id=11804]
  0x0000019dd06368a0 ConcurrentGCThread "G1 Service" [stack: 0x0000008e23600000,0x0000008e23700000] [id=15696]

Threads with active compile tasks:

VM state: synchronizing (normal execution)

VM Mutex/Monitor currently owned by a thread:  ([mutex/lock_event])
[0x0000019db1259990] Threads_lock - owner thread: 0x0000019dd0778030

Heap address: 0x0000000703600000, size: 4042 MB, Compressed Oops mode: Zero based, Oop shift amount: 3

CDS archive(s) mapped at: [0x0000019dd0800000-0x0000019dd1460000-0x0000019dd1460000), size 12976128, SharedBaseAddress: 0x0000019dd0800000, ArchiveRelocationMode: 1.
Compressed class space mapped at: 0x0000019dd1800000-0x0000019e11800000, reserved size: 1073741824
Narrow klass base: 0x0000019dd0800000, Narrow klass shift: 0, Narrow klass range: 0x100000000

GC Precious Log:
 CardTable entry size: 512
 Card Set container configuration: InlinePtr #cards 4 size 8 Array Of Cards #cards 16 size 48 Howl #buckets 8 coarsen threshold 3686 Howl Bitmap #cards 512 size 80 coarsen threshold 460 Card regions per heap region 1 cards per card region 4096
 CPUs: 8 total, 8 available
 Memory: 16167M
 Large Page Support: Disabled
 NUMA Support: Disabled
 Compressed Oops: Enabled (Zero based)
 Heap Region Size: 2M
 Heap Min Capacity: 8M
 Heap Initial Capacity: 254M
 Heap Max Capacity: 4042M
 Pre-touch: Disabled
 Parallel Workers: 8
 Concurrent Workers: 2
 Concurrent Refinement Workers: 8
 Periodic GC: Disabled

Heap:
 garbage-first heap   total 69632K, used 45845K [0x0000000703600000, 0x0000000800000000)
  region size 2048K, 14 young (28672K), 0 survivors (0K)
 Metaspace       used 41866K, committed 42368K, reserved 1114112K
  class space    used 4942K, committed 5184K, reserved 1048576K

Heap Regions: E=young(eden), S=young(survivor), O=old, HS=humongous(starts), HC=humongous(continues), CS=collection set, F=free, OA=open archive, CA=closed archive, TAMS=top-at-mark-start, PB=parsable bottom
|   0|0x0000000703600000, 0x0000000703800000, 0x0000000703800000|100%| O|  |TAMS 0x0000000703600000| PB 0x0000000703600000| Untracked 
|   1|0x0000000703800000, 0x0000000703a00000, 0x0000000703a00000|100%| O|  |TAMS 0x0000000703800000| PB 0x0000000703800000| Untracked 
|   2|0x0000000703a00000, 0x0000000703c00000, 0x0000000703c00000|100%| O|  |TAMS 0x0000000703a00000| PB 0x0000000703a00000| Untracked 
|   3|0x0000000703c00000, 0x0000000703e00000, 0x0000000703e00000|100%| O|  |TAMS 0x0000000703c00000| PB 0x0000000703c00000| Untracked 
|   4|0x0000000703e00000, 0x0000000704000000, 0x0000000704000000|100%| O|  |TAMS 0x0000000703e00000| PB 0x0000000703e00000| Untracked 
|   5|0x0000000704000000, 0x00000007041fffb8, 0x0000000704200000| 99%| O|  |TAMS 0x0000000704000000| PB 0x0000000704000000| Untracked 
|   6|0x0000000704200000, 0x00000007043ffff0, 0x0000000704400000| 99%| O|  |TAMS 0x0000000704200000| PB 0x0000000704200000| Untracked 
|   7|0x0000000704400000, 0x0000000704600000, 0x0000000704600000|100%| O|  |TAMS 0x0000000704400000| PB 0x0000000704400000| Untracked 
|   8|0x0000000704600000, 0x0000000704800000, 0x0000000704800000|100%| O|  |TAMS 0x0000000704600000| PB 0x0000000704600000| Untracked 
|   9|0x0000000704800000, 0x00000007049e5190, 0x0000000704a00000| 94%| O|  |TAMS 0x0000000704800000| PB 0x0000000704800000| Untracked 
|  10|0x0000000704a00000, 0x0000000704ae05c8, 0x0000000704c00000| 43%| O|  |TAMS 0x0000000704a00000| PB 0x0000000704a00000| Untracked 
|  11|0x0000000704c00000, 0x0000000704c00000, 0x0000000704e00000|  0%| F|  |TAMS 0x0000000704c00000| PB 0x0000000704c00000| Untracked 
|  12|0x0000000704e00000, 0x0000000704e00000, 0x0000000705000000|  0%| F|  |TAMS 0x0000000704e00000| PB 0x0000000704e00000| Untracked 
|  13|0x0000000705000000, 0x0000000705000000, 0x0000000705200000|  0%| F|  |TAMS 0x0000000705000000| PB 0x0000000705000000| Untracked 
|  14|0x0000000705200000, 0x0000000705200000, 0x0000000705400000|  0%| F|  |TAMS 0x0000000705200000| PB 0x0000000705200000| Untracked 
|  15|0x0000000705400000, 0x0000000705400000, 0x0000000705600000|  0%| F|  |TAMS 0x0000000705400000| PB 0x0000000705400000| Untracked 
|  16|0x0000000705600000, 0x0000000705600000, 0x0000000705800000|  0%| F|  |TAMS 0x0000000705600000| PB 0x0000000705600000| Untracked 
|  17|0x0000000705800000, 0x0000000705800000, 0x0000000705a00000|  0%| F|  |TAMS 0x0000000705800000| PB 0x0000000705800000| Untracked 
|  18|0x0000000705a00000, 0x0000000705a00000, 0x0000000705c00000|  0%| F|  |TAMS 0x0000000705a00000| PB 0x0000000705a00000| Untracked 
|  19|0x0000000705c00000, 0x0000000705c00000, 0x0000000705e00000|  0%| F|  |TAMS 0x0000000705c00000| PB 0x0000000705c00000| Untracked 
|  20|0x0000000705e00000, 0x0000000705f5e3a8, 0x0000000706000000| 68%| E|  |TAMS 0x0000000705e00000| PB 0x0000000705e00000| Complete 
|  21|0x0000000706000000, 0x0000000706200000, 0x0000000706200000|100%| E|  |TAMS 0x0000000706000000| PB 0x0000000706000000| Complete 
|  22|0x0000000706200000, 0x0000000706400000, 0x0000000706400000|100%| E|CS|TAMS 0x0000000706200000| PB 0x0000000706200000| Complete 
|  23|0x0000000706400000, 0x0000000706600000, 0x0000000706600000|100%| E|CS|TAMS 0x0000000706400000| PB 0x0000000706400000| Complete 
|  24|0x0000000706600000, 0x0000000706800000, 0x0000000706800000|100%| E|CS|TAMS 0x0000000706600000| PB 0x0000000706600000| Complete 
|  25|0x0000000706800000, 0x0000000706a00000, 0x0000000706a00000|100%| E|CS|TAMS 0x0000000706800000| PB 0x0000000706800000| Complete 
|  26|0x0000000706a00000, 0x0000000706c00000, 0x0000000706c00000|100%| E|CS|TAMS 0x0000000706a00000| PB 0x0000000706a00000| Complete 
|  27|0x0000000706c00000, 0x0000000706e00000, 0x0000000706e00000|100%| E|CS|TAMS 0x0000000706c00000| PB 0x0000000706c00000| Complete 
|  28|0x0000000706e00000, 0x0000000707000000, 0x0000000707000000|100%| E|CS|TAMS 0x0000000706e00000| PB 0x0000000706e00000| Complete 
|  71|0x000000070c400000, 0x000000070c600000, 0x000000070c600000|100%| E|CS|TAMS 0x000000070c400000| PB 0x000000070c400000| Complete 
|  72|0x000000070c600000, 0x000000070c800000, 0x000000070c800000|100%| E|CS|TAMS 0x000000070c600000| PB 0x000000070c600000| Complete 
|  73|0x000000070c800000, 0x000000070ca00000, 0x000000070ca00000|100%| E|CS|TAMS 0x000000070c800000| PB 0x000000070c800000| Complete 
| 125|0x0000000713000000, 0x0000000713200000, 0x0000000713200000|100%| E|CS|TAMS 0x0000000713000000| PB 0x0000000713000000| Complete 
| 126|0x0000000713200000, 0x0000000713400000, 0x0000000713400000|100%| E|CS|TAMS 0x0000000713200000| PB 0x0000000713200000| Complete 

Card table byte_map: [0x0000019dc8e50000,0x0000019dc9640000] _byte_map_base: 0x0000019dc5635000

Marking Bits: (CMBitMap*) 0x0000019db12cd1d0
 Bits: [0x0000019dc9e30000, 0x0000019dcdd58000)

Polling page: 0x0000019db0a20000

Metaspace:

Usage:
  Non-class:     36.06 MB used.
      Class:      4.83 MB used.
       Both:     40.89 MB used.

Virtual space:
  Non-class space:       64.00 MB reserved,      36.31 MB ( 57%) committed,  1 nodes.
      Class space:        1.00 GB reserved,       5.06 MB ( <1%) committed,  1 nodes.
             Both:        1.06 GB reserved,      41.38 MB (  4%) committed. 

Chunk freelists:
   Non-Class:  3.39 MB
       Class:  2.89 MB
        Both:  6.28 MB

MaxMetaspaceSize: unlimited
CompressedClassSpaceSize: 1.00 GB
Initial GC threshold: 21.00 MB
Current GC threshold: 68.69 MB
CDS: on
MetaspaceReclaimPolicy: balanced
 - commit_granule_bytes: 65536.
 - commit_granule_words: 8192.
 - virtual_space_node_default_size: 8388608.
 - enlarge_chunks_in_place: 1.
 - new_chunks_are_fully_committed: 0.
 - uncommit_free_chunks: 1.
 - use_allocation_guard: 0.


Internal statistics:

num_allocs_failed_limit: 6.
num_arena_births: 616.
num_arena_deaths: 0.
num_vsnodes_births: 2.
num_vsnodes_deaths: 0.
num_space_committed: 662.
num_space_uncommitted: 0.
num_chunks_returned_to_freelist: 6.
num_chunks_taken_from_freelist: 1923.
num_chunk_merges: 6.
num_chunk_splits: 1350.
num_chunks_enlarged: 1047.
num_inconsistent_stats: 0.

CodeHeap 'non-profiled nmethods': size=120000Kb used=4251Kb max_used=4347Kb free=115748Kb
 bounds [0x0000019dc0e00000, 0x0000019dc1240000, 0x0000019dc8330000]
CodeHeap 'profiled nmethods': size=120000Kb used=11411Kb max_used=11876Kb free=108588Kb
 bounds [0x0000019db9330000, 0x0000019db9ed0000, 0x0000019dc0860000]
CodeHeap 'non-nmethods': size=5760Kb used=1803Kb max_used=1865Kb free=3956Kb
 bounds [0x0000019dc0860000, 0x0000019dc0ad0000, 0x0000019dc0e00000]
 total_blobs=5711 nmethods=5109 adapters=510
 compilation: enabled
              stopped_count=0, restarted_count=0
 full_count=0

Compilation events (20 events):
Event: 535.106 Thread 0x0000019e189db200 6360       4       org.springframework.core.annotation.RepeatableContainers::of (11 bytes)
Event: 535.106 Thread 0x0000019dd07a0880 nmethod 6342 0x0000019dc0e6b290 code [0x0000019dc0e6b4c0, 0x0000019dc0e6be20]
Event: 535.106 Thread 0x0000019dd07a0880 6361   !   4       org.springframework.core.annotation.RepeatableContainers$ExplicitRepeatableContainer::<init> (195 bytes)
Event: 535.112 Thread 0x0000019dd07a0880 nmethod 6361 0x0000019dc10ee990 code [0x0000019dc10eeb60, 0x0000019dc10ef480]
Event: 535.112 Thread 0x0000019dd07a0880 6362       4       org.springframework.core.annotation.TypeMappedAnnotations::stream (24 bytes)
Event: 535.113 Thread 0x0000019e189db200 nmethod 6360 0x0000019dc0f0e090 code [0x0000019dc0f0e260, 0x0000019dc0f0eb70]
Event: 535.113 Thread 0x0000019e189db200 6348       4       org.springframework.beans.factory.annotation.AutowiredAnnotationBeanPostProcessor$$Lambda$368/0x0000019dd1bb7ab8::doWith (17 bytes)
Event: 535.117 Thread 0x0000019dd07a0880 nmethod 6362 0x0000019dc0fa3290 code [0x0000019dc0fa3460, 0x0000019dc0fa3ef0]
Event: 535.118 Thread 0x0000019dd07a0880 6349       4       org.springframework.beans.factory.annotation.AutowiredAnnotationBeanPostProcessor::lambda$buildAutowiringMetadata$2 (176 bytes)
Event: 535.119 Thread 0x0000019e189db200 nmethod 6348 0x0000019dc10ade90 code [0x0000019dc10ae100, 0x0000019dc10aeb88]
Event: 535.119 Thread 0x0000019e189db200 6337       4       org.springframework.boot.context.properties.source.SpringConfigurationPropertySources$SourcesIterator::hasNext (13 bytes)
Event: 535.125 Thread 0x0000019dd07a0880 nmethod 6349 0x0000019dc0eb3c10 code [0x0000019dc0eb3e80, 0x0000019dc0eb4728]
Event: 535.125 Thread 0x0000019dd07a0880 6336       4       org.springframework.core.env.PropertySource::hashCode (8 bytes)
Event: 535.125 Thread 0x0000019e189db200 nmethod 6337 0x0000019dc10aca10 code [0x0000019dc10acc40, 0x0000019dc10ad458]
Event: 535.125 Thread 0x0000019e189db200 6338       4       org.springframework.boot.context.properties.source.SpringConfigurationPropertySources$SourcesIterator::next (5 bytes)
Event: 535.129 Thread 0x0000019dd07a0880 nmethod 6336 0x0000019dc0e6db10 code [0x0000019dc0e6dc80, 0x0000019dc0e6e150]
Event: 535.132 Thread 0x0000019e189db200 nmethod 6338 0x0000019dc0eb2910 code [0x0000019dc0eb2b40, 0x0000019dc0eb3400]
Event: 535.299 Thread 0x0000019e189d8b10 nmethod 6344% 0x0000019dc0f50d90 code [0x0000019dc0f51460, 0x0000019dc0f5ad80]
Event: 537.146 Thread 0x0000019e189db200 6412       4       org.eclipse.jdt.launching.internal.org.objectweb.asm.ByteVector::enlarge (73 bytes)
Event: 537.166 Thread 0x0000019e189db200 


GC Heap History (20 events):
Event: 123.971 GC heap before
{Heap before GC invocations=12 (full 0):
 garbage-first heap   total 69632K, used 56621K [0x0000000703600000, 0x0000000800000000)
  region size 2048K, 19 young (38912K), 2 survivors (4096K)
 Metaspace       used 39970K, committed 40512K, reserved 1114112K
  class space    used 4815K, committed 5056K, reserved 1048576K
}
Event: 123.973 GC heap after
{Heap after GC invocations=13 (full 0):
 garbage-first heap   total 69632K, used 21762K [0x0000000703600000, 0x0000000800000000)
  region size 2048K, 2 young (4096K), 2 survivors (4096K)
 Metaspace       used 39970K, committed 40512K, reserved 1114112K
  class space    used 4815K, committed 5056K, reserved 1048576K
}
Event: 184.569 GC heap before
{Heap before GC invocations=13 (full 0):
 garbage-first heap   total 69632K, used 56578K [0x0000000703600000, 0x0000000800000000)
  region size 2048K, 19 young (38912K), 2 survivors (4096K)
 Metaspace       used 40108K, committed 40640K, reserved 1114112K
  class space    used 4824K, committed 5056K, reserved 1048576K
}
Event: 184.571 GC heap after
{Heap after GC invocations=14 (full 0):
 garbage-first heap   total 69632K, used 22331K [0x0000000703600000, 0x0000000800000000)
  region size 2048K, 2 young (4096K), 2 survivors (4096K)
 Metaspace       used 40108K, committed 40640K, reserved 1114112K
  class space    used 4824K, committed 5056K, reserved 1048576K
}
Event: 194.521 GC heap before
{Heap before GC invocations=14 (full 0):
 garbage-first heap   total 69632K, used 26427K [0x0000000703600000, 0x0000000800000000)
  region size 2048K, 5 young (10240K), 2 survivors (4096K)
 Metaspace       used 40315K, committed 40896K, reserved 1114112K
  class space    used 4854K, committed 5120K, reserved 1048576K
}
Event: 194.553 GC heap after
{Heap after GC invocations=15 (full 1):
 garbage-first heap   total 69632K, used 19881K [0x0000000703600000, 0x0000000800000000)
  region size 2048K, 0 young (0K), 0 survivors (0K)
 Metaspace       used 40315K, committed 40896K, reserved 1114112K
  class space    used 4854K, committed 5120K, reserved 1048576K
}
Event: 202.565 GC heap before
{Heap before GC invocations=15 (full 1):
 garbage-first heap   total 69632K, used 58793K [0x0000000703600000, 0x0000000800000000)
  region size 2048K, 20 young (40960K), 0 survivors (0K)
 Metaspace       used 40751K, committed 41280K, reserved 1114112K
  class space    used 4865K, committed 5120K, reserved 1048576K
}
Event: 202.569 GC heap after
{Heap after GC invocations=16 (full 1):
 garbage-first heap   total 69632K, used 22298K [0x0000000703600000, 0x0000000800000000)
  region size 2048K, 2 young (4096K), 2 survivors (4096K)
 Metaspace       used 40751K, committed 41280K, reserved 1114112K
  class space    used 4865K, committed 5120K, reserved 1048576K
}
Event: 268.624 GC heap before
{Heap before GC invocations=16 (full 1):
 garbage-first heap   total 69632K, used 57114K [0x0000000703600000, 0x0000000800000000)
  region size 2048K, 19 young (38912K), 2 survivors (4096K)
 Metaspace       used 40783K, committed 41344K, reserved 1114112K
  class space    used 4865K, committed 5120K, reserved 1048576K
}
Event: 268.625 GC heap after
{Heap after GC invocations=17 (full 1):
 garbage-first heap   total 69632K, used 22200K [0x0000000703600000, 0x0000000800000000)
  region size 2048K, 2 young (4096K), 2 survivors (4096K)
 Metaspace       used 40783K, committed 41344K, reserved 1114112K
  class space    used 4865K, committed 5120K, reserved 1048576K
}
Event: 335.043 GC heap before
{Heap before GC invocations=17 (full 1):
 garbage-first heap   total 69632K, used 57016K [0x0000000703600000, 0x0000000800000000)
  region size 2048K, 19 young (38912K), 2 survivors (4096K)
 Metaspace       used 40794K, committed 41344K, reserved 1114112K
  class space    used 4865K, committed 5120K, reserved 1048576K
}
Event: 335.045 GC heap after
{Heap after GC invocations=18 (full 1):
 garbage-first heap   total 69632K, used 22135K [0x0000000703600000, 0x0000000800000000)
  region size 2048K, 2 young (4096K), 2 survivors (4096K)
 Metaspace       used 40794K, committed 41344K, reserved 1114112K
  class space    used 4865K, committed 5120K, reserved 1048576K
}
Event: 399.225 GC heap before
{Heap before GC invocations=18 (full 1):
 garbage-first heap   total 69632K, used 56951K [0x0000000703600000, 0x0000000800000000)
  region size 2048K, 19 young (38912K), 2 survivors (4096K)
 Metaspace       used 40795K, committed 41344K, reserved 1114112K
  class space    used 4865K, committed 5120K, reserved 1048576K
}
Event: 399.227 GC heap after
{Heap after GC invocations=19 (full 1):
 garbage-first heap   total 69632K, used 22182K [0x0000000703600000, 0x0000000800000000)
  region size 2048K, 2 young (4096K), 2 survivors (4096K)
 Metaspace       used 40795K, committed 41344K, reserved 1114112K
  class space    used 4865K, committed 5120K, reserved 1048576K
}
Event: 449.526 GC heap before
{Heap before GC invocations=19 (full 1):
 garbage-first heap   total 69632K, used 54950K [0x0000000703600000, 0x0000000800000000)
  region size 2048K, 19 young (38912K), 2 survivors (4096K)
 Metaspace       used 41458K, committed 41984K, reserved 1114112K
  class space    used 4931K, committed 5184K, reserved 1048576K
}
Event: 449.529 GC heap after
{Heap after GC invocations=20 (full 1):
 garbage-first heap   total 69632K, used 23244K [0x0000000703600000, 0x0000000800000000)
  region size 2048K, 2 young (4096K), 2 survivors (4096K)
 Metaspace       used 41458K, committed 41984K, reserved 1114112K
  class space    used 4931K, committed 5184K, reserved 1048576K
}
Event: 512.121 GC heap before
{Heap before GC invocations=20 (full 1):
 garbage-first heap   total 69632K, used 58060K [0x0000000703600000, 0x0000000800000000)
  region size 2048K, 19 young (38912K), 2 survivors (4096K)
 Metaspace       used 41606K, committed 42112K, reserved 1114112K
  class space    used 4931K, committed 5184K, reserved 1048576K
}
Event: 512.123 GC heap after
{Heap after GC invocations=21 (full 1):
 garbage-first heap   total 69632K, used 23203K [0x0000000703600000, 0x0000000800000000)
  region size 2048K, 1 young (2048K), 1 survivors (2048K)
 Metaspace       used 41606K, committed 42112K, reserved 1114112K
  class space    used 4931K, committed 5184K, reserved 1048576K
}
Event: 534.794 GC heap before
{Heap before GC invocations=21 (full 1):
 garbage-first heap   total 69632K, used 35491K [0x0000000703600000, 0x0000000800000000)
  region size 2048K, 8 young (16384K), 1 survivors (2048K)
 Metaspace       used 41625K, committed 42176K, reserved 1114112K
  class space    used 4934K, committed 5184K, reserved 1048576K
}
Event: 534.819 GC heap after
{Heap after GC invocations=22 (full 2):
 garbage-first heap   total 69632K, used 21269K [0x0000000703600000, 0x0000000800000000)
  region size 2048K, 0 young (0K), 0 survivors (0K)
 Metaspace       used 41625K, committed 42176K, reserved 1114112K
  class space    used 4934K, committed 5184K, reserved 1048576K
}

Dll operation events (13 events):
Event: 0.005 Loaded shared library C:\Program Files\Java\jdk-20\bin\java.dll
Event: 0.018 Loaded shared library C:\Program Files\Java\jdk-20\bin\jsvml.dll
Event: 0.101 Loaded shared library C:\Program Files\Java\jdk-20\bin\zip.dll
Event: 0.103 Loaded shared library C:\Program Files\Java\jdk-20\bin\instrument.dll
Event: 0.105 Loaded shared library C:\Program Files\Java\jdk-20\bin\net.dll
Event: 0.106 Loaded shared library C:\Program Files\Java\jdk-20\bin\nio.dll
Event: 0.108 Loaded shared library C:\Program Files\Java\jdk-20\bin\zip.dll
Event: 0.179 Loaded shared library C:\Program Files\Java\jdk-20\bin\jimage.dll
Event: 0.209 Loaded shared library C:\Program Files\Java\jdk-20\bin\verify.dll
Event: 0.310 Loaded shared library C:\Program Files\Java\jdk-20\bin\management.dll
Event: 0.312 Loaded shared library C:\Program Files\Java\jdk-20\bin\management_ext.dll
Event: 2.775 Loaded shared library C:\Program Files\Java\jdk-20\bin\extnet.dll
Event: 2.810 Loaded shared library C:\Program Files\Java\jdk-20\bin\sunmscapi.dll

Deoptimization events (20 events):
Event: 535.088 Thread 0x0000019dd07a3ff0 DEOPT PACKING pc=0x0000019db990cd99 sp=0x0000008e244fce90
Event: 535.088 Thread 0x0000019dd07a3ff0 DEOPT UNPACKING pc=0x0000019dc08ce462 sp=0x0000008e244fc368 mode 1
Event: 535.089 Thread 0x0000019dd07a3ff0 DEOPT PACKING pc=0x0000019db998a57c sp=0x0000008e244fcf20
Event: 535.089 Thread 0x0000019dd07a3ff0 DEOPT UNPACKING pc=0x0000019dc08ce462 sp=0x0000008e244fc4c8 mode 1
Event: 535.089 Thread 0x0000019dd07a3ff0 DEOPT PACKING pc=0x0000019db9d8d95c sp=0x0000008e244fd080
Event: 535.089 Thread 0x0000019dd07a3ff0 DEOPT UNPACKING pc=0x0000019dc08ce462 sp=0x0000008e244fc620 mode 1
Event: 535.089 Thread 0x0000019dd07a3ff0 DEOPT PACKING pc=0x0000019db990cd99 sp=0x0000008e244fce90
Event: 535.089 Thread 0x0000019dd07a3ff0 DEOPT UNPACKING pc=0x0000019dc08ce462 sp=0x0000008e244fc368 mode 1
Event: 535.089 Thread 0x0000019dd07a3ff0 DEOPT PACKING pc=0x0000019db998a57c sp=0x0000008e244fcf20
Event: 535.089 Thread 0x0000019dd07a3ff0 DEOPT UNPACKING pc=0x0000019dc08ce462 sp=0x0000008e244fc4c8 mode 1
Event: 535.089 Thread 0x0000019dd07a3ff0 DEOPT PACKING pc=0x0000019db9d8d95c sp=0x0000008e244fd080
Event: 535.089 Thread 0x0000019dd07a3ff0 DEOPT UNPACKING pc=0x0000019dc08ce462 sp=0x0000008e244fc620 mode 1
Event: 535.090 Thread 0x0000019dd07a3ff0 DEOPT PACKING pc=0x0000019db990cd99 sp=0x0000008e244fb070
Event: 535.090 Thread 0x0000019dd07a3ff0 DEOPT UNPACKING pc=0x0000019dc08ce462 sp=0x0000008e244fa548 mode 1
Event: 535.090 Thread 0x0000019dd07a3ff0 DEOPT PACKING pc=0x0000019db998a57c sp=0x0000008e244fb100
Event: 535.090 Thread 0x0000019dd07a3ff0 DEOPT UNPACKING pc=0x0000019dc08ce462 sp=0x0000008e244fa6a8 mode 1
Event: 535.090 Thread 0x0000019dd07a3ff0 DEOPT PACKING pc=0x0000019db9d8d95c sp=0x0000008e244fb260
Event: 535.090 Thread 0x0000019dd07a3ff0 DEOPT UNPACKING pc=0x0000019dc08ce462 sp=0x0000008e244fa800 mode 1
Event: 537.135 Thread 0x0000019dd07a3ff0 DEOPT PACKING pc=0x0000019db9755ea4 sp=0x0000008e244fdd00
Event: 537.135 Thread 0x0000019dd07a3ff0 DEOPT UNPACKING pc=0x0000019dc08ce462 sp=0x0000008e244fd1b8 mode 0

Classes loaded (20 events):
Event: 187.205 Loading class sun/net/spi/DefaultProxySelector$3
Event: 187.205 Loading class sun/net/spi/DefaultProxySelector$3 done
Event: 189.509 Loading class java/util/concurrent/Executors$FinalizableDelegatedExecutorService
Event: 189.509 Loading class java/util/concurrent/Executors$FinalizableDelegatedExecutorService done
Event: 189.511 Loading class java/util/WeakHashMap$KeyIterator
Event: 189.511 Loading class java/util/WeakHashMap$KeyIterator done
Event: 189.512 Loading class java/util/concurrent/locks/AbstractQueuedSynchronizer$SharedNode
Event: 189.512 Loading class java/util/concurrent/locks/AbstractQueuedSynchronizer$SharedNode done
Event: 194.553 Loading class java/lang/ref/Finalizer$2
Event: 194.553 Loading class java/lang/ref/Finalizer$2 done
Event: 194.553 Loading class java/lang/ref/Finalizer$1
Event: 194.554 Loading class java/lang/ref/Finalizer$1 done
Event: 420.783 Loading class java/util/concurrent/locks/ReentrantReadWriteLock$Sync$HoldCounter
Event: 420.784 Loading class java/util/concurrent/locks/ReentrantReadWriteLock$Sync$HoldCounter done
Event: 420.791 Loading class java/lang/foreign/MemorySegment
Event: 420.793 Loading class java/lang/foreign/MemorySegment done
Event: 467.108 Loading class java/io/CharArrayWriter
Event: 467.108 Loading class java/io/CharArrayWriter done
Event: 535.090 Loading class java/lang/invoke/WrongMethodTypeException
Event: 535.090 Loading class java/lang/invoke/WrongMethodTypeException done

Classes unloaded (0 events):
No events

Classes redefined (6 events):
Event: 186.127 Thread 0x0000019dd0778030 redefined class name=com.demo.Controller.FruitControllrt, count=1
Event: 533.627 Thread 0x0000019dd0778030 redefined class name=com.demo.Controller.FruitControllrt, count=1
Event: 533.627 Thread 0x0000019dd0778030 redefined class name=com.demo.Controller.FruitControllrt, count=2
Event: 537.155 Thread 0x0000019dd0778030 redefined class name=com.demo.Controller.FruitControllrt, count=1
Event: 537.155 Thread 0x0000019dd0778030 redefined class name=com.demo.Controller.FruitControllrt, count=2
Event: 537.155 Thread 0x0000019dd0778030 redefined class name=com.demo.Controller.FruitControllrt, count=3

Internal exceptions (20 events):
Event: 2.603 Thread 0x0000019dd07a3ff0 Exception <a 'java/lang/NoSuchMethodError'{0x000000070c8dbe20}: 'java.lang.Object java.lang.invoke.DirectMethodHandle$Holder.invokeVirtual(java.lang.Object, java.lang.Object, java.lang.Object, java.lang.Object, java.lang.Object, java.lang.Object)'> (0x000000070c8dbe20) 
thrown [s\open\src\hotspot\share\interpreter\linkResolver.cpp, line 773]
Event: 2.608 Thread 0x0000019dd07a3ff0 Exception <a 'java/lang/NoSuchMethodError'{0x000000070c931cb0}: 'java.lang.Object java.lang.invoke.DirectMethodHandle$Holder.invokeInterface(java.lang.Object, java.lang.Object, java.lang.Object)'> (0x000000070c931cb0) 
thrown [s\open\src\hotspot\share\interpreter\linkResolver.cpp, line 773]
Event: 2.608 Thread 0x0000019dd07a3ff0 Exception <a 'java/lang/IncompatibleClassChangeError'{0x000000070c935098}: Found class java.lang.Object, but interface was expected> (0x000000070c935098) 
thrown [s\open\src\hotspot\share\interpreter\linkResolver.cpp, line 840]
Event: 2.610 Thread 0x0000019dd07a3ff0 Exception <a 'java/lang/NoSuchMethodError'{0x000000070c959c60}: 'java.lang.Object java.lang.invoke.DirectMethodHandle$Holder.invokeVirtual(java.lang.Object, java.lang.Object, java.lang.Object, java.lang.Object, java.lang.Object, java.lang.Object, java.lang.Object)'> (0x000000070c959c60) 
thrown [s\open\src\hotspot\share\interpreter\linkResolver.cpp, line 773]
Event: 2.632 Thread 0x0000019dd07a3ff0 Exception <a 'java/lang/NoSuchMethodError'{0x000000070c773ac8}: 'int java.lang.invoke.DirectMethodHandle$Holder.invokeStaticInit(java.lang.Object, java.lang.Object, java.lang.Object, java.lang.Object)'> (0x000000070c773ac8) 
thrown [s\open\src\hotspot\share\interpreter\linkResolver.cpp, line 773]
Event: 2.668 Thread 0x0000019dd07a3ff0 Exception <a 'java/lang/NoSuchMethodError'{0x0000000706f51fe8}: 'void java.lang.invoke.DirectMethodHandle$Holder.invokeVirtual(java.lang.Object, java.lang.Object, long)'> (0x0000000706f51fe8) 
thrown [s\open\src\hotspot\share\interpreter\linkResolver.cpp, line 773]
Event: 2.787 Thread 0x0000019dd07a3ff0 Exception <a 'java/lang/NoSuchMethodError'{0x0000000706868920}: 'java.lang.Object java.lang.invoke.DirectMethodHandle$Holder.newInvokeSpecial(java.lang.Object, java.lang.Object, int, java.lang.Object, java.lang.Object)'> (0x0000000706868920) 
thrown [s\open\src\hotspot\share\interpreter\linkResolver.cpp, line 773]
Event: 58.113 Thread 0x0000019e1c29c0f0 Implicit null exception at 0x0000019dc0ebc0a9 to 0x0000019dc0ebc8e8
Event: 125.049 Thread 0x0000019db125df40 Exception <a 'java/lang/NoSuchMethodError'{0x00000007132ddec8}: 'int java.lang.invoke.DirectMethodHandle$Holder.invokeSpecialIFC(java.lang.Object, java.lang.Object, java.lang.Object)'> (0x00000007132ddec8) 
thrown [s\open\src\hotspot\share\interpreter\linkResolver.cpp, line 773]
Event: 144.114 Thread 0x0000019e1c29f610 Exception <a 'java/lang/NoSuchMethodError'{0x0000000706fa9948}: 'void java.lang.invoke.DirectMethodHandle$Holder.invokeVirtual(java.lang.Object, java.lang.Object, java.lang.Object, java.lang.Object)'> (0x0000000706fa9948) 
thrown [s\open\src\hotspot\share\interpreter\linkResolver.cpp, line 773]
Event: 187.198 Thread 0x0000019e1c29a110 Exception <a 'java/lang/NoSuchMethodError'{0x000000071308d280}: 'void java.lang.invoke.DirectMethodHandle$Holder.invokeInterface(java.lang.Object, java.lang.Object)'> (0x000000071308d280) 
thrown [s\open\src\hotspot\share\interpreter\linkResolver.cpp, line 773]
Event: 194.520 Thread 0x0000019e1c29cb90 Exception <a 'java/lang/InterruptedException'{0x000000070c8464c8}: sleep interrupted> (0x000000070c8464c8) 
thrown [s\open\src\hotspot\share\prims\jvm.cpp, line 3086]
Event: 194.565 Thread 0x0000019e1c29d630 Exception <a 'sun/nio/fs/WindowsException'{0x0000000713290580}> (0x0000000713290580) 
thrown [s\open\src\hotspot\share\prims\jni.cpp, line 519]
Event: 194.859 Thread 0x0000019e1c29d630 Exception <a 'java/io/FileNotFoundException'{0x00000007060fb0b0}> (0x00000007060fb0b0) 
thrown [s\open\src\hotspot\share\prims\jni.cpp, line 519]
Event: 194.874 Thread 0x0000019e1c29d630 Exception <a 'java/io/FileNotFoundException'{0x0000000705e93cc0}> (0x0000000705e93cc0) 
thrown [s\open\src\hotspot\share\prims\jni.cpp, line 519]
Event: 534.793 Thread 0x0000019e1c29b100 Exception <a 'java/lang/InterruptedException'{0x0000000706d86778}: sleep interrupted> (0x0000000706d86778) 
thrown [s\open\src\hotspot\share\prims\jvm.cpp, line 3086]
Event: 534.831 Thread 0x0000019dd07a3ff0 Exception <a 'sun/nio/fs/WindowsException'{0x0000000713286968}> (0x0000000713286968) 
thrown [s\open\src\hotspot\share\prims\jni.cpp, line 519]
Event: 534.860 Thread 0x0000019dd07a3ff0 Implicit null exception at 0x0000019dc11d45c1 to 0x0000019dc11d5878
Event: 535.076 Thread 0x0000019dd07a3ff0 Exception <a 'java/io/FileNotFoundException'{0x000000070610fc80}> (0x000000070610fc80) 
thrown [s\open\src\hotspot\share\prims\jni.cpp, line 519]
Event: 535.086 Thread 0x0000019dd07a3ff0 Exception <a 'java/io/FileNotFoundException'{0x0000000705ea8878}> (0x0000000705ea8878) 
thrown [s\open\src\hotspot\share\prims\jni.cpp, line 519]

VM Operations (20 events):
Event: 537.172 Executing VM operation: ChangeBreakpoints
Event: 537.174 Executing VM operation: ChangeBreakpoints done
Event: 537.176 Executing VM operation: ChangeBreakpoints
Event: 537.177 Executing VM operation: ChangeBreakpoints done
Event: 537.178 Executing VM operation: ChangeBreakpoints
Event: 537.180 Executing VM operation: ChangeBreakpoints done
Event: 537.187 Executing VM operation: ChangeBreakpoints
Event: 537.187 Executing VM operation: ChangeBreakpoints done
Event: 537.189 Executing VM operation: ChangeBreakpoints
Event: 537.190 Executing VM operation: ChangeBreakpoints done
Event: 537.191 Executing VM operation: ChangeBreakpoints
Event: 537.193 Executing VM operation: ChangeBreakpoints done
Event: 537.199 Executing VM operation: ChangeBreakpoints
Event: 537.200 Executing VM operation: ChangeBreakpoints done
Event: 537.201 Executing VM operation: ChangeBreakpoints
Event: 537.202 Executing VM operation: ChangeBreakpoints done
Event: 537.204 Executing VM operation: ChangeBreakpoints
Event: 537.205 Executing VM operation: ChangeBreakpoints done
Event: 537.208 Executing VM operation: ChangeSingleStep
Event: 537.209 Executing VM operation: ChangeSingleStep done

Events (20 events):
Event: 534.808 Thread 0x0000019dd0778030 flushing nmethod 0x0000019dc0e09090
Event: 534.808 Thread 0x0000019dd0778030 flushing nmethod 0x0000019dc0e0b810
Event: 534.808 Thread 0x0000019dd0778030 flushing nmethod 0x0000019dc0e0b210
Event: 534.808 Thread 0x0000019dd0778030 flushing nmethod 0x0000019dc0e0af10
Event: 534.808 Thread 0x0000019dd0778030 flushing nmethod 0x0000019dc0e0ac10
Event: 534.808 Thread 0x0000019dd0778030 flushing nmethod 0x0000019dc0e06390
Event: 534.820 Thread 0x0000019dd07a4fe0 Thread added: 0x0000019dd07a4fe0
Event: 534.820 Thread 0x0000019e1c29abb0 Thread exited: 0x0000019e1c29abb0
Event: 534.820 Thread 0x0000019dd07a4fe0 Thread exited: 0x0000019dd07a4fe0
Event: 534.820 Thread 0x0000019e1c29e0d0 Thread exited: 0x0000019e1c29e0d0
Event: 534.820 Thread 0x0000019dd07a3ff0 Thread added: 0x0000019dd07a3ff0
Event: 534.836 Thread 0x0000019dd07a5530 Thread exited: 0x0000019dd07a5530
Event: 534.846 Thread 0x0000019e189db200 Thread added: 0x0000019e189db200
Event: 534.874 Thread 0x0000019dd07a4fe0 Thread added: 0x0000019dd07a4fe0
Event: 534.892 Thread 0x0000019dd07a4fe0 Thread exited: 0x0000019dd07a4fe0
Event: 534.986 Thread 0x0000019e189d8b10 Thread added: 0x0000019e189d8b10
Event: 535.086 Thread 0x0000019dd07a4fe0 Thread added: 0x0000019dd07a4fe0
Event: 535.087 Thread 0x0000019dd07a5530 Thread added: 0x0000019dd07a5530
Event: 535.087 Thread 0x0000019dd07a5a80 Thread added: 0x0000019dd07a5a80
Event: 537.146 Thread 0x0000019e189d8b10 Thread exited: 0x0000019e189d8b10


Dynamic libraries:
0x00007ff7b6850000 - 0x00007ff7b6860000 	C:\Program Files\Java\jdk-20\bin\javaw.exe
0x00007ffacdb70000 - 0x00007ffacdd68000 	C:\Windows\SYSTEM32\ntdll.dll
0x00007ffacd7e0000 - 0x00007ffacd89d000 	C:\Windows\System32\KERNEL32.DLL
0x00007ffacb470000 - 0x00007ffacb766000 	C:\Windows\System32\KERNELBASE.dll
0x00007ffacb8b0000 - 0x00007ffacb9b0000 	C:\Windows\System32\ucrtbase.dll
0x00007ffac7a80000 - 0x00007ffac7a99000 	C:\Program Files\Java\jdk-20\bin\jli.dll
0x00007ffac7060000 - 0x00007ffac707b000 	C:\Program Files\Java\jdk-20\bin\VCRUNTIME140.dll
0x00007ffaccfa0000 - 0x00007ffacd04f000 	C:\Windows\System32\ADVAPI32.dll
0x00007ffacd070000 - 0x00007ffacd10e000 	C:\Windows\System32\msvcrt.dll
0x00007ffacbd10000 - 0x00007ffacbdac000 	C:\Windows\System32\sechost.dll
0x00007ffacd310000 - 0x00007ffacd436000 	C:\Windows\System32\RPCRT4.dll
0x00007ffacbeb0000 - 0x00007ffacc04e000 	C:\Windows\System32\USER32.dll
0x00007ffacb250000 - 0x00007ffacb272000 	C:\Windows\System32\win32u.dll
0x00007ffab1770000 - 0x00007ffab1a0a000 	C:\Windows\WinSxS\amd64_microsoft.windows.common-controls_6595b64144ccf1df_6.0.19041.3636_none_60b6a03d71f818d5\COMCTL32.dll
0x00007ffacdb00000 - 0x00007ffacdb2c000 	C:\Windows\System32\GDI32.dll
0x00007ffacb280000 - 0x00007ffacb39a000 	C:\Windows\System32\gdi32full.dll
0x00007ffacb3a0000 - 0x00007ffacb43d000 	C:\Windows\System32\msvcp_win.dll
0x00007ffac0d70000 - 0x00007ffac0d7a000 	C:\Windows\SYSTEM32\VERSION.dll
0x00007ffacd7b0000 - 0x00007ffacd7e0000 	C:\Windows\System32\IMM32.DLL
0x00007ffac72a0000 - 0x00007ffac72ac000 	C:\Program Files\Java\jdk-20\bin\vcruntime140_1.dll
0x00007ffabc7c0000 - 0x00007ffabc84e000 	C:\Program Files\Java\jdk-20\bin\msvcp140.dll
0x00007ffa53610000 - 0x00007ffa542a8000 	C:\Program Files\Java\jdk-20\bin\server\jvm.dll
0x00007ffac7a50000 - 0x00007ffac7a59000 	C:\Windows\SYSTEM32\WSOCK32.dll
0x00007ffac8590000 - 0x00007ffac85b7000 	C:\Windows\SYSTEM32\WINMM.dll
0x00007ffacd110000 - 0x00007ffacd17b000 	C:\Windows\System32\WS2_32.dll
0x00007ffac9aa0000 - 0x00007ffac9ab2000 	C:\Windows\SYSTEM32\kernel.appcore.dll
0x00007ffac6cd0000 - 0x00007ffac6cda000 	C:\Program Files\Java\jdk-20\bin\jimage.dll
0x00007ffac97a0000 - 0x00007ffac9984000 	C:\Windows\SYSTEM32\DBGHELP.DLL
0x00007ffac8550000 - 0x00007ffac8584000 	C:\Windows\SYSTEM32\dbgcore.DLL
0x00007ffacb820000 - 0x00007ffacb8a2000 	C:\Windows\System32\bcryptPrimitives.dll
0x00007ffac0410000 - 0x00007ffac044c000 	C:\Program Files\Java\jdk-20\bin\jdwp.dll
0x00007ffac70b0000 - 0x00007ffac70be000 	C:\Program Files\Java\jdk-20\bin\instrument.dll
0x00007ffac0360000 - 0x00007ffac0386000 	C:\Program Files\Java\jdk-20\bin\java.dll
0x00007ffa7b100000 - 0x00007ffa7b1d7000 	C:\Program Files\Java\jdk-20\bin\jsvml.dll
0x00007ffacc1d0000 - 0x00007ffacc915000 	C:\Windows\System32\SHELL32.dll
0x00007ffac9000000 - 0x00007ffac979b000 	C:\Windows\SYSTEM32\windows.storage.dll
0x00007ffacd440000 - 0x00007ffacd794000 	C:\Windows\System32\combase.dll
0x00007ffacac90000 - 0x00007ffacacbd000 	C:\Windows\SYSTEM32\Wldp.dll
0x00007ffacbc60000 - 0x00007ffacbd0d000 	C:\Windows\System32\SHCORE.dll
0x00007ffacc170000 - 0x00007ffacc1c5000 	C:\Windows\System32\shlwapi.dll
0x00007ffacb180000 - 0x00007ffacb1a5000 	C:\Windows\SYSTEM32\profapi.dll
0x00007ffac6ea0000 - 0x00007ffac6eac000 	C:\Program Files\Java\jdk-20\bin\dt_socket.dll
0x00007ffaca690000 - 0x00007ffaca6cb000 	C:\Windows\SYSTEM32\IPHLPAPI.DLL
0x00007ffaca9f0000 - 0x00007ffacaa5a000 	C:\Windows\system32\mswsock.dll
0x00007ffaca780000 - 0x00007ffaca84a000 	C:\Windows\SYSTEM32\DNSAPI.dll
0x00007ffacbea0000 - 0x00007ffacbea8000 	C:\Windows\System32\NSI.dll
0x00007ffabff50000 - 0x00007ffabff5a000 	C:\Windows\System32\rasadhlp.dll
0x00007ffabfb70000 - 0x00007ffabfbf0000 	C:\Windows\System32\fwpuclnt.dll
0x00007ffacb440000 - 0x00007ffacb467000 	C:\Windows\System32\bcrypt.dll
0x00007ffab6250000 - 0x00007ffab6268000 	C:\Program Files\Java\jdk-20\bin\zip.dll
0x00007ffac00f0000 - 0x00007ffac0103000 	C:\Program Files\Java\jdk-20\bin\net.dll
0x00007ffac7550000 - 0x00007ffac765a000 	C:\Windows\SYSTEM32\WINHTTP.dll
0x00007ffab6320000 - 0x00007ffab6336000 	C:\Program Files\Java\jdk-20\bin\nio.dll
0x00007ffabff90000 - 0x00007ffabffa0000 	C:\Program Files\Java\jdk-20\bin\verify.dll
0x00007ffac7b20000 - 0x00007ffac7b2a000 	C:\Program Files\Java\jdk-20\bin\management.dll
0x00007ffac7b00000 - 0x00007ffac7b0b000 	C:\Program Files\Java\jdk-20\bin\management_ext.dll
0x00007ffacd7a0000 - 0x00007ffacd7a8000 	C:\Windows\System32\PSAPI.DLL
0x00007ffaa4aa0000 - 0x00007ffaa4ab7000 	C:\Windows\system32\napinsp.dll
0x00007ffaa2330000 - 0x00007ffaa234b000 	C:\Windows\system32\pnrpnsp.dll
0x00007ffaa1af0000 - 0x00007ffaa1b05000 	C:\Windows\system32\wshbth.dll
0x00007ffac7cb0000 - 0x00007ffac7ccd000 	C:\Windows\system32\NLAapi.dll
0x00007ffaa1ad0000 - 0x00007ffaa1ae2000 	C:\Windows\System32\winrnr.dll
0x00007ffac0700000 - 0x00007ffac0717000 	C:\Windows\SYSTEM32\dhcpcsvc6.DLL
0x00007ffac0d10000 - 0x00007ffac0d2d000 	C:\Windows\SYSTEM32\dhcpcsvc.DLL
0x00007ffacabe0000 - 0x00007ffacabf8000 	C:\Windows\SYSTEM32\CRYPTSP.dll
0x00007ffaca2b0000 - 0x00007ffaca2e4000 	C:\Windows\system32\rsaenh.dll
0x00007ffacb100000 - 0x00007ffacb12e000 	C:\Windows\SYSTEM32\USERENV.dll
0x00007ffacac00000 - 0x00007ffacac0c000 	C:\Windows\SYSTEM32\CRYPTBASE.dll
0x00007ffac7290000 - 0x00007ffac7297000 	C:\Program Files\Java\jdk-20\bin\extnet.dll
0x00007ffabff60000 - 0x00007ffabff6e000 	C:\Program Files\Java\jdk-20\bin\sunmscapi.dll
0x00007ffacb9b0000 - 0x00007ffacbb0d000 	C:\Windows\System32\CRYPT32.dll
0x00007ffacad00000 - 0x00007ffacad27000 	C:\Windows\SYSTEM32\ncrypt.dll
0x00007ffacacc0000 - 0x00007ffacacfb000 	C:\Windows\SYSTEM32\NTASN1.dll
0x00007ffac7280000 - 0x00007ffac7287000 	C:\Windows\system32\wshunix.dll

dbghelp: loaded successfully - version: 4.0.5 - missing functions: none
symbol engine: initialized successfully - sym options: 0x614 - pdb path: .;C:\Program Files\Java\jdk-20\bin;C:\Windows\SYSTEM32;C:\Windows\WinSxS\amd64_microsoft.windows.common-controls_6595b64144ccf1df_6.0.19041.3636_none_60b6a03d71f818d5;C:\Program Files\Java\jdk-20\bin\server

VM Arguments:
jvm_args: -XX:+ShowCodeDetailsInExceptionMessages -agentlib:jdwp=transport=dt_socket,suspend=y,address=localhost:52783 -javaagent:C:\Users\TangYunKun\eclipse\jee-2023-06\eclipse\configuration\org.eclipse.osgi\430\0\.cp\lib\javaagent-shaded.jar -Dfile.encoding=UTF-8 
java_command: com.demo.Application
java_class_path (initial): C:\Users\TangYunKun\eclipse-workspace-1\fruit_1\target\classes;D:\WorkSpace\maven\repository\net\sf\json-lib\json-lib\2.4\json-lib-2.4-jdk15.jar;D:\WorkSpace\maven\repository\commons-collections\commons-collections\3.2.1\commons-collections-3.2.1.jar;D:\WorkSpace\maven\repository\commons-lang\commons-lang\2.5\commons-lang-2.5.jar;D:\WorkSpace\maven\repository\commons-logging\commons-logging\1.1.1\commons-logging-1.1.1.jar;D:\WorkSpace\maven\repository\net\sf\ezmorph\ezmorph\1.0.6\ezmorph-1.0.6.jar;D:\WorkSpace\maven\repository\org\springframework\boot\spring-boot-starter-validation\2.2.1.RELEASE\spring-boot-starter-validation-2.2.1.RELEASE.jar;D:\WorkSpace\maven\repository\jakarta\validation\jakarta.validation-api\2.0.1\jakarta.validation-api-2.0.1.jar;D:\WorkSpace\maven\repository\org\apache\tomcat\embed\tomcat-embed-el\9.0.27\tomcat-embed-el-9.0.27.jar;D:\WorkSpace\maven\repository\org\hibernate\validator\hibernate-validator\6.0.18.Final\hibernate-validator-6.0.18.Final.jar;D:\WorkSpace\maven\repository\org\jboss\logging\jboss-logging\3.4.1.Final\jboss-logging-3.4.1.Final.jar;D:\WorkSpace\maven\repository\com\fasterxml\classmate\1.5.1\classmate-1.5.1.jar;D:\WorkSpace\maven\repository\org\springframework\boot\spring-boot-starter-tomcat\2.2.1.RELEASE\spring-boot-starter-tomcat-2.2.1.RELEASE.jar;D:\WorkSpace\maven\repository\jakarta\annotation\jakarta.annotation-api\1.3.5\jakarta.annotation-api-1.3.5.jar;D:\WorkSpace\maven\repository\org\apache\tomcat\embed\tomcat-embed-core\9.0.27\tomcat-embed-core-9.0.27.jar;D:\WorkSpace\maven\repository\org\apache\tomcat\embed\tomcat-embed-websocket\9.0.27\tomcat-embed-websocket-9.0.27.jar;D:\WorkSpace\maven\repository\org\springframework\spring-core\5.2.1.RELEASE\spring-core-5.2.1.RELEASE.jar;D:\WorkSpace\maven\repository\org\springframework\spring-jcl\5.2.1.RELEASE\spring-jcl-5.2.1.RELEASE.jar;D:\WorkSpace\maven\repository\org\mybatis\spring\boot\mybatis-spring-boot-starter\1.3.2\mybatis-spring-boot-starter-1.3.2.jar;D:\WorkSpace\maven\repository\org\springframework\boot\spring-boot-starter-jdbc\2.2.1.RELEASE\spring-boot-starter-jdbc-2.2.1.RELEASE.jar;D:\WorkSpace\maven\repository\com\zaxxer\HikariCP\3.4.1\HikariCP-3.4.1.jar;D:\WorkSpace\maven\repository\org\springframework\spring-jdbc\5.2.1.RELEASE\spring-jdbc-5.2.1.RELEASE.jar;D:\WorkSpace\maven\repository\org\mybatis\spring\boot\mybatis-spring-boot-autoconfigure\1.3.2\mybatis-spring-boot-autoconfigure-1.3.2.jar;D:\WorkSpace\maven\repository\org\mybatis\mybatis\3.4.6\mybatis-3.4.6.jar;D:\WorkSpace\maven\repository\org\mybatis\mybatis-spring\1.3.2\mybatis-spring-1.3.2.jar;D:\WorkSpace\maven\repository\commons-codec\commons-codec\1.13\commons-codec-1.13.jar;D:\WorkSpace\maven\repository\aspectj\aspectj-tools\1.0.6\aspectj-tools-1.0.6.jar;D:\WorkSpace\maven\repository\org\aspectj\aspectjweaver\1.5.4\aspectjweaver-1.5.4.jar;D:\WorkSpace\maven\repository\com\github\pagehelper\pagehelper\4.0.0\pagehelper-4.0.0.jar;D:\WorkSpace\maven\repository\com\github\jsqlparser\jsqlparser\0.9.1\jsqlparser-0.9.1.jar;D:\WorkSpace\maven\repository\org\apache\poi\poi-ooxml\3.17\poi-ooxml-3.17.jar;D:\WorkSpace\maven\repository\org\apache\poi\poi\3.17\poi-3.17.jar;D:\WorkSpace\maven\repository\org\apache\commons\commons-collections4\4.1\commons-collections4-4.1.jar;D:\WorkSpace\maven\repository\org\apache\poi\poi-ooxml-schemas\3.17\poi-ooxml-schemas-3.17.jar;D:\WorkSpace\maven\repository\org\apache\xmlbeans\xmlbeans\2.6.0\xmlbeans-2.6.0.jar;D:\WorkSpace\maven\repository\stax\stax-api\1.0.1\stax-api-1.0.1.jar;D:\WorkSpace\maven\repository\com\github\virtuald\curvesapi\1.04\curvesapi-1.04.jar;D:\WorkSpace\maven\repository\mysql\mysql-connector-java\8.0.18\mysql-connector-java-8.0.18.jar;D:\WorkSpace\maven\repository\org\springframework\boot\spring-boot-starter-activemq\2.2.1.RELEASE\spring-boot-starter-activemq-2.2.1.RELEASE.jar;D:\WorkSpace\maven\repository\org\springframework\spring-jms\5.2.1.RELEASE\spring-jms-5.2.1.RELEASE.jar;D:\WorkSpace\maven\repository\org\springframework\spring-beans\5.2.1.RELEASE\spring-beans-5.2.1.RELEASE.jar;D:\WorkSpace\maven\repository\org\springframework\spring-messaging\5.2.1.RELEASE\spring-messaging-5.2.1.RELEASE.jar;D:\WorkSpace\maven\repository\org\springframework\spring-tx\5.2.1.RELEASE\spring-tx-5.2.1.RELEASE.jar;D:\WorkSpace\maven\repository\org\apache\activemq\activemq-broker\5.15.10\activemq-broker-5.15.10.jar;D:\WorkSpace\maven\repository\org\apache\activemq\activemq-openwire-legacy\5.15.10\activemq-openwire-legacy-5.15.10.jar;D:\WorkSpace\maven\repository\com\google\guava\guava\28.0-jre\guava-28.0-jre.jar;D:\WorkSpace\maven\repository\com\google\guava\failureaccess\1.0.1\failureaccess-1.0.1.jar;D:\WorkSpace\maven\repository\com\google\guava\listenablefuture\9999.0-empty-to-avoid-conflict-with-guava\listenablefuture-9999.0-empty-to-avoid-conflict-with-guava.jar;D:\WorkSpace\maven\repository\com\google\code\findbugs\jsr305\3.0.2\jsr305-3.0.2.jar;D:\WorkSpace\maven\repository\org\checkerframework\checker-qual\2.8.1\checker-qual-2.8.1.jar;D:\WorkSpace\maven\repository\com\google\errorprone\error_prone_annotations\2.3.2\error_prone_annotations-2.3.2.jar;D:\WorkSpace\maven\repository\com\google\j2objc\j2objc-annotations\1.3\j2objc-annotations-1.3.jar;D:\WorkSpace\maven\repository\org\codehaus\mojo\animal-sniffer-annotations\1.17\animal-sniffer-annotations-1.17.jar;D:\WorkSpace\maven\repository\com\fasterxml\jackson\core\jackson-databind\2.10.0\jackson-databind-2.10.0.jar;D:\WorkSpace\maven\repository\com\fasterxml\jackson\core\jackson-annotations\2.10.0\jackson-annotations-2.10.0.jar;D:\WorkSpace\maven\repository\com\fasterxml\jackson\core\jackson-core\2.10.0\jackson-core-2.10.0.jar;D:\WorkSpace\maven\repository\jakarta\jms\jakarta.jms-api\2.0.3\jakarta.jms-api-2.0.3.jar;D:\WorkSpace\maven\repository\org\apache\activemq\activemq-pool\5.15.10\activemq-pool-5.15.10.jar;D:\WorkSpace\maven\repository\org\slf4j\slf4j-api\1.7.29\slf4j-api-1.7.29.jar;D:\WorkSpace\maven\repository\org\apache\activemq\activemq-jms-pool\5.15.10\activemq-jms-pool-5.15.10.jar;D:\WorkSpace\maven\repository\org\apache\geronimo\specs\geronimo-jms_1.1_spec\1.1.1\geronimo-jms_1.1_spec-1.1.1.jar;D:\WorkSpace\maven\repository\org\apache\activemq\activemq-client\5.15.10\activemq-client-5.15.10.jar;D:\WorkSpace\maven\repository\org\fusesource\hawtbuf\hawtbuf\1.11\hawtbuf-1.11.jar;D:\WorkSpace\maven\repository\org\apache\geronimo\specs\geronimo-j2ee-management_1.1_spec\1.0.1\geronimo-j2ee-management_1.1_spec-1.0.1.jar;D:\WorkSpace\maven\repository\org\apache\geronimo\specs\geronimo-jta_1.0.1B_spec\1.0.1\geronimo-jta_1.0.1B_spec-1.0.1.jar;D:\WorkSpace\maven\repository\org\apache\commons\commons-pool2\2.7.0\commons-pool2-2.7.0.jar;D:\WorkSpace\maven\repository\org\springframework\boot\spring-boot-starter-mail\2.2.1.RELEASE\spring-boot-starter-mail-2.2.1.RELEASE.jar;D:\WorkSpace\maven\repository\org\springframework\spring-context-support\5.2.1.RELEASE\spring-context-support-5.2.1.RELEASE.jar;D:\WorkSpace\maven\repository\org\springframework\spring-context\5.2.1.RELEASE\spring-context-5.2.1.RELEASE.jar;D:\WorkSpace\maven\repository\com\sun\mail\jakarta.mail\1.6.4\jakarta.mail-1.6.4.jar;D:\WorkSpace\maven\repository\com\sun\activation\jakarta.activation\1.2.1\jakarta.activation-1.2.1.jar;D:\WorkSpace\maven\repository\org\springframework\boot\spring-boot-starter-web\2.2.1.RELEASE\spring-boot-starter-web-2.2.1.RELEASE.jar;D:\WorkSpace\maven\repository\org\springframework\boot\spring-boot-starter-json\2.2.1.RELEASE\spring-boot-starter-json-2.2.1.RELEASE.jar;D:\WorkSpace\maven\repository\com\fasterxml\jackson\datatype\jackson-datatype-jdk8\2.10.0\jackson-datatype-jdk8-2.10.0.jar;D:\WorkSpace\maven\repository\com\fasterxml\jackson\datatype\jackson-datatype-jsr310\2.10.0\jackson-datatype-jsr310-2.10.0.jar;D:\WorkSpace\maven\repository\com\fasterxml\jackson\module\jackson-module-parameter-names\2.10.0\jackson-module-parameter-names-2.10.0.jar;D:\WorkSpace\maven\repository\org\springframework\spring-web\5.2.1.RELEASE\spring-web-5.2.1.RELEASE.jar;D:\WorkSpace\maven\repository\org\springframework\spring-webmvc\5.2.1.RELEASE\spring-webmvc-5.2.1.RELEASE.jar;D:\WorkSpace\maven\repository\org\springframework\spring-aop\5.2.1.RELEASE\spring-aop-5.2.1.RELEASE.jar;D:\WorkSpace\maven\repository\org\springframework\spring-expression\5.2.1.RELEASE\spring-expression-5.2.1.RELEASE.jar;D:\WorkSpace\maven\repository\org\springframework\boot\spring-boot-starter\2.2.1.RELEASE\spring-boot-starter-2.2.1.RELEASE.jar;D:\WorkSpace\maven\repository\org\springframework\boot\spring-boot\2.2.1.RELEASE\spring-boot-2.2.1.RELEASE.jar;D:\WorkSpace\maven\repository\org\springframework\boot\spring-boot-autoconfigure\2.2.1.RELEASE\spring-boot-autoconfigure-2.2.1.RELEASE.jar;D:\WorkSpace\maven\repository\org\yaml\snakeyaml\1.25\snakeyaml-1.25.jar;D:\WorkSpace\maven\repository\org\springframework\boot\spring-boot-starter-log4j2\2.2.1.RELEASE\spring-boot-starter-log4j2-2.2.1.RELEASE.jar;D:\WorkSpace\maven\repository\org\apache\logging\log4j\log4j-slf4j-impl\2.12.1\log4j-slf4j-impl-2.12.1.jar;D:\WorkSpace\maven\repository\org\apache\logging\log4j\log4j-api\2.12.1\log4j-api-2.12.1.jar;D:\WorkSpace\maven\repository\org\apache\logging\log4j\log4j-core\2.12.1\log4j-core-2.12.1.jar;D:\WorkSpace\maven\repository\org\apache\logging\log4j\log4j-jul\2.12.1\log4j-jul-2.12.1.jar;D:\WorkSpace\maven\repository\org\slf4j\jul-to-slf4j\1.7.29\jul-to-slf4j-1.7.29.jar;D:\WorkSpace\maven\repository\org\mindrot\jbcrypt\0.4\jbcrypt-0.4.jar;D:\WorkSpace\maven\repository\joda-time\joda-time\2.10.5\joda-time-2.10.5.jar;D:\WorkSpace\maven\repository\org\springframework\boot\spring-boot-devtools\2.2.1.RELEASE\spring-boot-devtools-2.2.1.RELEASE.jar;D:\WorkSpace\maven\repository\com\alibaba\fastjson\1.2.68\fastjson-1.2.68.jar;D:\WorkSpace\maven\repository\org\apache\commons\commons-lang3\3.9\commons-lang3-3.9.jar;D:\WorkSpace\maven\repository\commons-beanutils\commons-beanutils\1.9.3\commons-beanutils-1.9.3.jar;D:\WorkSpace\maven\repository\org\bouncycastle\bcprov-jdk16\1.46\bcprov-jdk16-1.46.jar;D:\WorkSpace\maven\repository\com\google\zxing\core\3.3.0\core-3.3.0.jar;D:\WorkSpace\maven\repository\com\google\zxing\javase\3.3.0\javase-3.3.0.jar;D:\WorkSpace\maven\repository\com\beust\jcommander\1.48\jcommander-1.48.jar;D:\WorkSpace\maven\repository\com\github\jai-imageio\jai-imageio-core\1.3.1\jai-imageio-core-1.3.1.jar
Launcher Type: SUN_STANDARD

[Global flags]
     intx CICompilerCount                          = 4                                         {product} {ergonomic}
     uint ConcGCThreads                            = 2                                         {product} {ergonomic}
     uint G1ConcRefinementThreads                  = 8                                         {product} {ergonomic}
   size_t G1HeapRegionSize                         = 2097152                                   {product} {ergonomic}
    uintx GCDrainStackTargetSize                   = 64                                        {product} {ergonomic}
   size_t InitialHeapSize                          = 266338304                                 {product} {ergonomic}
   size_t MarkStackSize                            = 4194304                                   {product} {ergonomic}
   size_t MaxHeapSize                              = 4238344192                                {product} {ergonomic}
   size_t MaxNewSize                               = 2541748224                                {product} {ergonomic}
   size_t MinHeapDeltaBytes                        = 2097152                                   {product} {ergonomic}
   size_t MinHeapSize                              = 8388608                                   {product} {ergonomic}
    uintx NonNMethodCodeHeapSize                   = 5839372                                {pd product} {ergonomic}
    uintx NonProfiledCodeHeapSize                  = 122909434                              {pd product} {ergonomic}
     bool PerfDisableSharedMem                     = true                                      {product} {ergonomic}
    uintx ProfiledCodeHeapSize                     = 122909434                              {pd product} {ergonomic}
    uintx ReservedCodeCacheSize                    = 251658240                              {pd product} {ergonomic}
     bool SegmentedCodeCache                       = true                                      {product} {ergonomic}
     bool ShowCodeDetailsInExceptionMessages       = true                                   {manageable} {command line}
   size_t SoftMaxHeapSize                          = 4238344192                             {manageable} {ergonomic}
     bool UseCompressedClassPointers               = true                           {product lp64_product} {ergonomic}
     bool UseCompressedOops                        = true                           {product lp64_product} {ergonomic}
     bool UseG1GC                                  = true                                      {product} {ergonomic}
     bool UseLargePagesIndividualAllocation        = false                                  {pd product} {ergonomic}

Logging:
Log output configuration:
 #0: stdout all=warning uptime,level,tags foldmultilines=false
 #1: stderr all=off uptime,level,tags foldmultilines=false

Environment Variables:
JAVA_HOME=C:\Program Files\Java\jdk-20
PATH=C:/Program Files/Java/jdk-20/bin/server;C:/Program Files/Java/jdk-20/bin;C:\Program Files\Common Files\Oracle\Java\javapath;C:\Program Files (x86)\Common Files\Oracle\Java\javapath;C:\Windows\system32;C:\Windows;C:\Windows\System32\Wbem;C:\Windows\System32\WindowsPowerShell\v1.0\;C:\Windows\System32\OpenSSH\;C:\Program Files (x86)\NVIDIA Corporation\PhysX\Common;C:\Program Files\NVIDIA Corporation\NVIDIA NvDLISR;%JAVA_HOME%\bin;D:\Program Files (x86)\apache-maven-3.9.4\bin;C:\Users\TangYunKun\AppData\Local\Microsoft\WindowsApps;;C:\Users\TangYunKun\Desktop;
USERNAME=TangYunKun
OS=Windows_NT
PROCESSOR_IDENTIFIER=Intel64 Family 6 Model 140 Stepping 1, GenuineIntel
TMP=C:\Users\TANGYU~1\AppData\Local\Temp
TEMP=C:\Users\TANGYU~1\AppData\Local\Temp




---------------  S Y S T E M  ---------------

OS:
 Windows 10 , 64 bit Build 19041 (10.0.19041.3636)
OS uptime: 40 days 22:57 hours

CPU: total 8 (initial active 8) (4 cores per cpu, 2 threads per core) family 6 model 140 stepping 1 microcode 0x78, cx8, cmov, fxsr, ht, mmx, 3dnowpref, sse, sse2, sse3, ssse3, sse4.1, sse4.2, popcnt, lzcnt, tsc, tscinvbit, avx, avx2, aes, erms, clmul, bmi1, bmi2, adx, avx512f, avx512dq, avx512cd, avx512bw, avx512vl, sha, fma, vzeroupper, avx512_vpopcntdq, avx512_vpclmulqdq, avx512_vaes, avx512_vnni, clflush, clflushopt, clwb, avx512_vbmi2, avx512_vbmi, rdtscp, rdpid, fsrm, gfni, avx512_bitalg, f16c, pku, cet_ibt, cet_ss, avx512_ifma

Memory: 4k page, system-wide physical 16167M (8257M free)
TotalPageFile size 18599M (AvailPageFile size 8160M)
current process WorkingSet (physical memory assigned to process): 200M, peak: 293M
current process commit charge ("private bytes"): 238M, peak: 436M

vm_info: Java HotSpot(TM) 64-Bit Server VM (20.0.2+9-78) for windows-amd64 JRE (20.0.2+9-78), built on 2023-06-14T10:08:48Z by "mach5one" with MS VC++ 17.1 (VS2022)

END.
